
/home/runner/work/exp-kalman-filter-iitr/exp-kalman-filter-iitr/experiment/simulation/js/index-NitWqvsE.js
   1:5360    warning  'process' is not defined                                                   no-undef
   1:5386    warning  'process' is not defined                                                   no-undef
   1:10023   warning  'setImmediate' is not defined                                              no-undef
   1:10869   warning  Unreachable code                                                           no-unreachable
   1:16165   warning  '__REACT_DEVTOOLS_GLOBAL_HOOK__' is not defined                            no-undef
   1:16222   warning  '__REACT_DEVTOOLS_GLOBAL_HOOK__' is not defined                            no-undef
   1:19587   warning  Empty block statement                                                      no-empty
   6:202     warning  Expected a conditional expression and instead saw an assignment            no-cond-assign
   8:548     warning  Empty block statement                                                      no-empty
   8:4239    warning  Expected a conditional expression and instead saw an assignment            no-cond-assign
   8:4339    warning  Expected a conditional expression and instead saw an assignment            no-cond-assign
   8:4422    warning  Expected a conditional expression and instead saw an assignment            no-cond-assign
   8:4879    warning  Unexpected combined character in character class                           no-misleading-character-class
   8:6394    warning  Do not access Object.prototype method 'hasOwnProperty' from target object  no-prototype-builtins
   8:8622    warning  Do not access Object.prototype method 'hasOwnProperty' from target object  no-prototype-builtins
   8:10740   warning  Do not access Object.prototype method 'hasOwnProperty' from target object  no-prototype-builtins
   8:10770   warning  Do not access Object.prototype method 'hasOwnProperty' from target object  no-prototype-builtins
   8:10889   warning  Do not access Object.prototype method 'hasOwnProperty' from target object  no-prototype-builtins
   8:10950   warning  Do not access Object.prototype method 'hasOwnProperty' from target object  no-prototype-builtins
   8:13913   warning  Unexpected control character(s) in regular expression: \x00, \x1f          no-control-regex
   8:15956   warning  Expected to return a value in method 'get'                                 getter-return
   8:16646   warning  Do not access Object.prototype method 'hasOwnProperty' from target object  no-prototype-builtins
   8:16988   warning  Invalid typeof comparison value                                            valid-typeof
   8:17162   warning  Invalid typeof comparison value                                            valid-typeof
   8:19027   warning  Expected a conditional expression and instead saw an assignment            no-cond-assign
   8:25346   warning  Do not access Object.prototype method 'hasOwnProperty' from target object  no-prototype-builtins
   8:26656   warning  'process' is not defined                                                   no-undef
   8:26682   warning  'process' is not defined                                                   no-undef
   8:45800   warning  Expected a 'break' statement before 'case'                                 no-fallthrough
   8:46261   warning  Unexpected constant condition                                              no-constant-condition
   8:59299   warning  Empty block statement                                                      no-empty
   8:64853   warning  Expected a conditional expression and instead saw an assignment            no-cond-assign
   8:69759   warning  Expected a conditional expression and instead saw an assignment            no-cond-assign
   8:72657   warning  Expected a conditional expression and instead saw an assignment            no-cond-assign
   8:73765   warning  Expected a conditional expression and instead saw an assignment            no-cond-assign
   8:75444   warning  Expected a conditional expression and instead saw an assignment            no-cond-assign
   8:82053   warning  Expected a conditional expression and instead saw an assignment            no-cond-assign
   8:87039   warning  Unnecessary escape character: \/                                           no-useless-escape
   8:97808   warning  Expected a 'break' statement before 'case'                                 no-fallthrough
   8:98761   warning  Empty block statement                                                      no-empty
   8:99040   warning  Expected a 'break' statement before 'case'                                 no-fallthrough
   8:102236  warning  Expected a conditional expression and instead saw an assignment            no-cond-assign
   8:104607  warning  Do not access Object.prototype method 'hasOwnProperty' from target object  no-prototype-builtins
   8:106421  warning  Expected a 'break' statement before 'case'                                 no-fallthrough
   8:107094  warning  Expected a 'break' statement before 'case'                                 no-fallthrough
   8:112884  warning  Expected a 'break' statement before 'case'                                 no-fallthrough
   8:113218  warning  Unexpected constant condition                                              no-constant-condition
   8:115837  warning  Unexpected constant condition                                              no-constant-condition
   8:116462  warning  Expected a 'break' statement before 'case'                                 no-fallthrough
   8:116781  warning  Unexpected constant condition                                              no-constant-condition
   8:117181  warning  Expected a 'break' statement before 'default'                              no-fallthrough
   8:119673  warning  Expected a conditional expression and instead saw an assignment            no-cond-assign
   8:120485  warning  Empty block statement                                                      no-empty
   8:121235  warning  Empty block statement                                                      no-empty
   8:122712  warning  'e' is defined but never used                                              no-unused-vars
   8:125104  warning  Expected a conditional expression and instead saw an assignment            no-cond-assign
   8:128866  warning  Expected a 'break' statement before 'case'                                 no-fallthrough
   8:129053  warning  Expected a 'break' statement before 'case'                                 no-fallthrough
   8:130274  warning  Expected a conditional expression and instead saw an assignment            no-cond-assign
   8:131809  warning  Expected a 'break' statement before 'case'                                 no-fallthrough
   8:133356  warning  Unexpected control character(s) in regular expression: \x00                no-control-regex
   9:476     warning  Expected a 'break' statement before 'case'                                 no-fallthrough
   9:5078    warning  Do not access Object.prototype method 'hasOwnProperty' from target object  no-prototype-builtins
   9:5650    warning  Do not access Object.prototype method 'hasOwnProperty' from target object  no-prototype-builtins
   9:5989    warning  Do not access Object.prototype method 'hasOwnProperty' from target object  no-prototype-builtins
   9:6384    warning  Do not access Object.prototype method 'hasOwnProperty' from target object  no-prototype-builtins
   9:6500    warning  Expected a 'break' statement before 'default'                              no-fallthrough
   9:6662    warning  Do not access Object.prototype method 'hasOwnProperty' from target object  no-prototype-builtins
   9:6922    warning  Do not access Object.prototype method 'hasOwnProperty' from target object  no-prototype-builtins
   9:7395    warning  Expected a 'break' statement before 'case'                                 no-fallthrough
   9:7534    warning  Do not access Object.prototype method 'hasOwnProperty' from target object  no-prototype-builtins
   9:7712    warning  Do not access Object.prototype method 'hasOwnProperty' from target object  no-prototype-builtins
   9:7794    warning  Do not access Object.prototype method 'hasOwnProperty' from target object  no-prototype-builtins
   9:8055    warning  Do not access Object.prototype method 'hasOwnProperty' from target object  no-prototype-builtins
   9:8153    warning  Expected a 'break' statement before 'default'                              no-fallthrough
   9:8163    warning  Do not access Object.prototype method 'hasOwnProperty' from target object  no-prototype-builtins
   9:8241    warning  Do not access Object.prototype method 'hasOwnProperty' from target object  no-prototype-builtins
   9:8629    warning  Do not access Object.prototype method 'hasOwnProperty' from target object  no-prototype-builtins
   9:8703    warning  Expected a 'break' statement before 'default'                              no-fallthrough
   9:8713    warning  Do not access Object.prototype method 'hasOwnProperty' from target object  no-prototype-builtins
   9:8781    warning  Do not access Object.prototype method 'hasOwnProperty' from target object  no-prototype-builtins
   9:8899    warning  Expected a 'break' statement before 'default'                              no-fallthrough
   9:9075    warning  Do not access Object.prototype method 'hasOwnProperty' from target object  no-prototype-builtins
   9:9106    warning  Do not access Object.prototype method 'hasOwnProperty' from target object  no-prototype-builtins
   9:9230    warning  Do not access Object.prototype method 'hasOwnProperty' from target object  no-prototype-builtins
   9:9501    warning  Do not access Object.prototype method 'hasOwnProperty' from target object  no-prototype-builtins
   9:9532    warning  Do not access Object.prototype method 'hasOwnProperty' from target object  no-prototype-builtins
   9:9628    warning  Do not access Object.prototype method 'hasOwnProperty' from target object  no-prototype-builtins
   9:9964    warning  Do not access Object.prototype method 'hasOwnProperty' from target object  no-prototype-builtins
   9:9996    warning  Do not access Object.prototype method 'hasOwnProperty' from target object  no-prototype-builtins
   9:10066   warning  Do not access Object.prototype method 'hasOwnProperty' from target object  no-prototype-builtins
   9:10280   warning  Do not access Object.prototype method 'hasOwnProperty' from target object  no-prototype-builtins
   9:10315   warning  Do not access Object.prototype method 'hasOwnProperty' from target object  no-prototype-builtins
   9:10385   warning  Do not access Object.prototype method 'hasOwnProperty' from target object  no-prototype-builtins
   9:10483   warning  Do not access Object.prototype method 'hasOwnProperty' from target object  no-prototype-builtins
   9:10514   warning  Do not access Object.prototype method 'hasOwnProperty' from target object  no-prototype-builtins
   9:10580   warning  Do not access Object.prototype method 'hasOwnProperty' from target object  no-prototype-builtins
   9:18626   warning  Expected a conditional expression and instead saw an assignment            no-cond-assign
   9:19697   warning  Expected a conditional expression and instead saw an assignment            no-cond-assign
   9:22230   warning  Expected a conditional expression and instead saw an assignment            no-cond-assign
   9:34285   warning  'navigation' is not defined                                                no-undef
   9:34314   warning  'navigation' is not defined                                                no-undef
   9:34354   warning  'navigation' is not defined                                                no-undef
   9:34500   warning  'navigation' is not defined                                                no-undef
   9:34542   warning  'navigation' is not defined                                                no-undef
   9:34591   warning  'navigation' is not defined                                                no-undef
   9:34672   warning  'navigation' is not defined                                                no-undef
   9:34717   warning  'navigation' is not defined                                                no-undef
   9:34769   warning  'navigation' is not defined                                                no-undef
   9:35916   warning  '__REACT_DEVTOOLS_GLOBAL_HOOK__' is not defined                            no-undef
   9:36015   warning  Empty block statement                                                      no-empty
   9:37161   warning  '__REACT_DEVTOOLS_GLOBAL_HOOK__' is not defined                            no-undef
   9:37218   warning  '__REACT_DEVTOOLS_GLOBAL_HOOK__' is not defined                            no-undef
   9:38117   warning  Empty block statement                                                      no-empty
   9:48145   warning  Empty block statement                                                      no-empty
   9:48362   warning  Empty block statement                                                      no-empty
  11:4316    warning  'u' is assigned a value but never used                                     no-unused-vars
  11:4875    warning  Do not access Object.prototype method 'hasOwnProperty' from target object  no-prototype-builtins
  11:7536    warning  'i' is defined but never used                                              no-unused-vars
  11:16727   warning  Empty block statement                                                      no-empty
  11:31687   warning  's' is defined but never used                                              no-unused-vars
  11:45250   warning  Expected a 'break' statement before 'case'                                 no-fallthrough
  11:45457   warning  Expected a 'break' statement before 'case'                                 no-fallthrough
  11:49288   warning  'n' is defined but never used                                              no-unused-vars
  11:49290   warning  'a' is defined but never used                                              no-unused-vars
  11:49292   warning  's' is defined but never used                                              no-unused-vars
  11:57597   warning  Empty block statement                                                      no-empty
  11:57719   warning  's' is defined but never used                                              no-unused-vars
  11:57895   warning  's' is defined but never used                                              no-unused-vars
  11:58254   warning  'i' is defined but never used                                              no-unused-vars
  11:58318   warning  'n' is defined but never used                                              no-unused-vars
  11:74251   warning  'n' is defined but never used                                              no-unused-vars
  11:77735   warning  'n' is defined but never used                                              no-unused-vars
  11:77737   warning  'a' is defined but never used                                              no-unused-vars
  11:77739   warning  's' is defined but never used                                              no-unused-vars
  11:77741   warning  'u' is defined but never used                                              no-unused-vars
  11:88267   warning  'n' is defined but never used                                              no-unused-vars
  11:88269   warning  'a' is defined but never used                                              no-unused-vars
  11:88288   warning  'n' is defined but never used                                              no-unused-vars
  11:88317   warning  'n' is defined but never used                                              no-unused-vars
  11:88319   warning  'a' is defined but never used                                              no-unused-vars
  11:88321   warning  's' is defined but never used                                              no-unused-vars
  11:88345   warning  'n' is defined but never used                                              no-unused-vars
  11:88347   warning  'a' is defined but never used                                              no-unused-vars
  11:88349   warning  's' is defined but never used                                              no-unused-vars
  11:88514   warning  'n' is defined but never used                                              no-unused-vars
  11:88539   warning  'n' is defined but never used                                              no-unused-vars
  11:91188   warning  'a.width' is assigned to itself                                            no-self-assign
  11:95990   warning  'a' is defined but never used                                              no-unused-vars
  11:103487  warning  'n' is defined but never used                                              no-unused-vars
  11:103489  warning  'a' is defined but never used                                              no-unused-vars
  11:103520  warning  'n' is defined but never used                                              no-unused-vars
  13:17608   warning  'a' is defined but never used                                              no-unused-vars
  13:22010   warning  'a' is defined but never used                                              no-unused-vars
  13:26652   warning  'gM' is defined but never used                                             no-unused-vars

✖ 155 problems (0 errors, 155 warnings)

